

Processing ApplicationController#index (for 127.0.0.1 at 2007-11-07 22:49:52) [GET]
  Session ID: eaed400bbeb69ac980471d5b01b77e0c
  Parameters: {}


ActionController::RoutingError (no route found to match "/" with {:method=>:get}):
    /usr/local/lib/ruby/gems/1.8/gems/actionpack-1.13.3/lib/action_controller/routing.rb:1292:in `recognize_path'
    /usr/local/lib/ruby/gems/1.8/gems/actionpack-1.13.3/lib/action_controller/routing.rb:1282:in `recognize'
    /usr/local/lib/ruby/gems/1.8/gems/rails-1.2.3/lib/dispatcher.rb:40:in `dispatch'
    /usr/local/lib/ruby/gems/1.8/gems/mongrel-1.0.1/lib/mongrel/rails.rb:78:in `process'
    /usr/local/lib/ruby/gems/1.8/gems/mongrel-1.0.1/lib/mongrel/rails.rb:76:in `process'
    /usr/local/lib/ruby/gems/1.8/gems/mongrel-1.0.1/lib/mongrel.rb:618:in `process_client'
    /usr/local/lib/ruby/gems/1.8/gems/mongrel-1.0.1/lib/mongrel.rb:617:in `process_client'
    /usr/local/lib/ruby/gems/1.8/gems/mongrel-1.0.1/lib/mongrel.rb:736:in `run'
    /usr/local/lib/ruby/gems/1.8/gems/mongrel-1.0.1/lib/mongrel.rb:736:in `run'
    /usr/local/lib/ruby/gems/1.8/gems/mongrel-1.0.1/lib/mongrel.rb:720:in `run'
    /usr/local/lib/ruby/gems/1.8/gems/mongrel-1.0.1/lib/mongrel/configurator.rb:271:in `run'
    /usr/local/lib/ruby/gems/1.8/gems/mongrel-1.0.1/lib/mongrel/configurator.rb:270:in `run'
    /usr/local/lib/ruby/gems/1.8/gems/mongrel-1.0.1/bin/mongrel_rails:127:in `run'
    /usr/local/lib/ruby/gems/1.8/gems/mongrel-1.0.1/lib/mongrel/command.rb:211:in `run'
    /usr/local/lib/ruby/gems/1.8/gems/mongrel-1.0.1/bin/mongrel_rails:243
    /usr/local/bin/mongrel_rails:16


Rendering /usr/local/lib/ruby/gems/1.8/gems/actionpack-1.13.3/lib/action_controller/templates/rescues/layout.rhtml (404 Page Not Found)


Processing GamesController#index (for 127.0.0.1 at 2007-11-07 22:49:57) [GET]
  Session ID: eaed400bbeb69ac980471d5b01b77e0c
  Parameters: {"action"=>"index", "controller"=>"games"}
Rendering content_typetext/htmlactionindexlayoutfalse within layouts/application
Rendering games/index


ActionView::TemplateError (#42000Unknown database 'gamingtrend') on line #11 of app/views/games/index.rhtml:
8: <div id="newDialog" style="visibility:hidden; position:absolute; top:0px;">
9:   <div class="x-dlg-hd">Create New Game</div>
10:   <div class="x-dlg-bd">
11:     <% form_for(:game, Game.new, :url => games_path, :html => {:id => 'create_resource', :name => 'create_resource'}) do |f| %>
12:       <p>
13:         <label for="game_Title">Title:</label>
14:         <%= f.text_field :Title %>

    /usr/local/lib/ruby/gems/1.8/gems/activerecord-1.15.3/lib/active_record/vendor/mysql.rb:523:in `read'
    /usr/local/lib/ruby/gems/1.8/gems/activerecord-1.15.3/lib/active_record/vendor/mysql.rb:153:in `real_connect'
    /usr/local/lib/ruby/gems/1.8/gems/activerecord-1.15.3/lib/active_record/connection_adapters/mysql_adapter.rb:389:in `connect'
    /usr/local/lib/ruby/gems/1.8/gems/activerecord-1.15.3/lib/active_record/connection_adapters/mysql_adapter.rb:152:in `initialize'
    /usr/local/lib/ruby/gems/1.8/gems/activerecord-1.15.3/lib/active_record/connection_adapters/mysql_adapter.rb:82:in `mysql_connection'
    /usr/local/lib/ruby/gems/1.8/gems/activerecord-1.15.3/lib/active_record/connection_adapters/abstract/connection_specification.rb:262:in `connection_without_query_cache='
    /usr/local/lib/ruby/gems/1.8/gems/activerecord-1.15.3/lib/active_record/query_cache.rb:54:in `connection='
    /usr/local/lib/ruby/gems/1.8/gems/activerecord-1.15.3/lib/active_record/connection_adapters/abstract/connection_specification.rb:230:in `retrieve_connection'
    /usr/local/lib/ruby/gems/1.8/gems/activerecord-1.15.3/lib/active_record/connection_adapters/abstract/connection_specification.rb:78:in `connection'
    /usr/local/lib/ruby/gems/1.8/gems/activerecord-1.15.3/lib/active_record/base.rb:763:in `columns'
    /usr/local/lib/ruby/gems/1.8/gems/activerecord-1.15.3/lib/active_record/base.rb:2061:in `attributes_from_column_definition_without_lock'
    /usr/local/lib/ruby/gems/1.8/gems/activerecord-1.15.3/lib/active_record/locking/optimistic.rb:45:in `attributes_from_column_definition'
    /usr/local/lib/ruby/gems/1.8/gems/activerecord-1.15.3/lib/active_record/base.rb:1503:in `initialize_without_callbacks'
    /usr/local/lib/ruby/gems/1.8/gems/activerecord-1.15.3/lib/active_record/callbacks.rb:225:in `initialize'
    #{RAILS_ROOT}/app/views/games/index.rhtml:11:in `_run_rhtml_47app47views47games47index46rhtml'
    /usr/local/lib/ruby/gems/1.8/gems/actionpack-1.13.3/lib/action_view/base.rb:326:in `compile_and_render_template'
    /usr/local/lib/ruby/gems/1.8/gems/actionpack-1.13.3/lib/action_view/base.rb:301:in `render_template'
    /usr/local/lib/ruby/gems/1.8/gems/actionpack-1.13.3/lib/action_view/base.rb:260:in `render_file'
    /usr/local/lib/ruby/gems/1.8/gems/actionpack-1.13.3/lib/action_controller/base.rb:806:in `render_file'
    /usr/local/lib/ruby/gems/1.8/gems/actionpack-1.13.3/lib/action_controller/base.rb:738:in `render_with_no_layout'
    /usr/local/lib/ruby/gems/1.8/gems/actionpack-1.13.3/lib/action_controller/base.rb:863:in `render_without_layout'
    /usr/local/lib/ruby/gems/1.8/gems/actionpack-1.13.3/lib/action_controller/base.rb:798:in `render_action'
    /usr/local/lib/ruby/gems/1.8/gems/actionpack-1.13.3/lib/action_controller/base.rb:748:in `render_with_no_layout'
    /usr/local/lib/ruby/gems/1.8/gems/activesupport-1.4.2/lib/active_support/deprecation.rb:44:in `silence'
    /usr/local/lib/ruby/gems/1.8/gems/actionpack-1.13.3/lib/action_controller/base.rb:747:in `render_with_no_layout'
    /usr/local/lib/ruby/gems/1.8/gems/actionpack-1.13.3/lib/action_controller/layout.rb:244:in `render_without_benchmark'
    /usr/local/lib/ruby/gems/1.8/gems/actionpack-1.13.3/lib/action_controller/benchmarking.rb:50:in `render'
    /usr/local/lib/ruby/1.8/benchmark.rb:293:in `measure'
    /usr/local/lib/ruby/gems/1.8/gems/actionpack-1.13.3/lib/action_controller/benchmarking.rb:50:in `render'
    #{RAILS_ROOT}/app/controllers/games_controller.rb:17:in `index'
    /usr/local/lib/ruby/gems/1.8/gems/actionpack-1.13.3/lib/action_controller/mime_responds.rb:167:in `respond'
    /usr/local/lib/ruby/gems/1.8/gems/actionpack-1.13.3/lib/action_controller/mime_responds.rb:161:in `respond'
    /usr/local/lib/ruby/gems/1.8/gems/actionpack-1.13.3/lib/action_controller/mime_responds.rb:105:in `respond_to'
    #{RAILS_ROOT}/app/controllers/games_controller.rb:17:in `index'
    /usr/local/lib/ruby/gems/1.8/gems/actionpack-1.13.3/lib/action_controller/base.rb:1095:in `perform_action_without_filters'
    /usr/local/lib/ruby/gems/1.8/gems/actionpack-1.13.3/lib/action_controller/filters.rb:632:in `call_filter'
    /usr/local/lib/ruby/gems/1.8/gems/actionpack-1.13.3/lib/action_controller/filters.rb:638:in `call_filter'
    /usr/local/lib/ruby/gems/1.8/gems/actionpack-1.13.3/lib/action_controller/filters.rb:438:in `call'
    /usr/local/lib/ruby/gems/1.8/gems/actionpack-1.13.3/lib/action_controller/filters.rb:637:in `call_filter'
    /usr/local/lib/ruby/gems/1.8/gems/actionpack-1.13.3/lib/action_controller/filters.rb:619:in `perform_action_without_benchmark'
    /usr/local/lib/ruby/gems/1.8/gems/actionpack-1.13.3/lib/action_controller/benchmarking.rb:66:in `perform_action_without_rescue'
    /usr/local/lib/ruby/1.8/benchmark.rb:293:in `measure'
    /usr/local/lib/ruby/gems/1.8/gems/actionpack-1.13.3/lib/action_controller/benchmarking.rb:66:in `perform_action_without_rescue'
    /usr/local/lib/ruby/gems/1.8/gems/actionpack-1.13.3/lib/action_controller/rescue.rb:83:in `perform_action'
    /usr/local/lib/ruby/gems/1.8/gems/actionpack-1.13.3/lib/action_controller/base.rb:430:in `process_without_filters'
    /usr/local/lib/ruby/gems/1.8/gems/actionpack-1.13.3/lib/action_controller/filters.rb:624:in `process_without_session_management_support'
    /usr/local/lib/ruby/gems/1.8/gems/actionpack-1.13.3/lib/action_controller/session_management.rb:114:in `process'
    /usr/local/lib/ruby/gems/1.8/gems/actionpack-1.13.3/lib/action_controller/base.rb:330:in `process'
    /usr/local/lib/ruby/gems/1.8/gems/rails-1.2.3/lib/dispatcher.rb:41:in `dispatch'
    /usr/local/lib/ruby/gems/1.8/gems/mongrel-1.0.1/lib/mongrel/rails.rb:78:in `process'
    /usr/local/lib/ruby/gems/1.8/gems/mongrel-1.0.1/lib/mongrel/rails.rb:76:in `process'
    /usr/local/lib/ruby/gems/1.8/gems/mongrel-1.0.1/lib/mongrel.rb:618:in `process_client'
    /usr/local/lib/ruby/gems/1.8/gems/mongrel-1.0.1/lib/mongrel.rb:617:in `process_client'
    /usr/local/lib/ruby/gems/1.8/gems/mongrel-1.0.1/lib/mongrel.rb:736:in `run'
    /usr/local/lib/ruby/gems/1.8/gems/mongrel-1.0.1/lib/mongrel.rb:736:in `run'
    /usr/local/lib/ruby/gems/1.8/gems/mongrel-1.0.1/lib/mongrel.rb:720:in `run'
    /usr/local/lib/ruby/gems/1.8/gems/mongrel-1.0.1/lib/mongrel/configurator.rb:271:in `run'
    /usr/local/lib/ruby/gems/1.8/gems/mongrel-1.0.1/lib/mongrel/configurator.rb:270:in `run'
    /usr/local/lib/ruby/gems/1.8/gems/mongrel-1.0.1/bin/mongrel_rails:127:in `run'
    /usr/local/lib/ruby/gems/1.8/gems/mongrel-1.0.1/lib/mongrel/command.rb:211:in `run'
    /usr/local/lib/ruby/gems/1.8/gems/mongrel-1.0.1/bin/mongrel_rails:243
    /usr/local/bin/mongrel_rails:16


Rendering /usr/local/lib/ruby/gems/1.8/gems/actionpack-1.13.3/lib/action_controller/templates/rescues/layout.rhtml (500 Internal Error)


Processing GamesController#index (for 127.0.0.1 at 2007-11-07 22:50:00) [GET]
  Session ID: eaed400bbeb69ac980471d5b01b77e0c
  Parameters: {"action"=>"index", "controller"=>"games"}
Rendering content_typetext/htmlactionindexlayoutfalse within layouts/application
Rendering games/index


ActionView::TemplateError (#42000Unknown database 'gamingtrend') on line #11 of app/views/games/index.rhtml:
8: <div id="newDialog" style="visibility:hidden; position:absolute; top:0px;">
9:   <div class="x-dlg-hd">Create New Game</div>
10:   <div class="x-dlg-bd">
11:     <% form_for(:game, Game.new, :url => games_path, :html => {:id => 'create_resource', :name => 'create_resource'}) do |f| %>
12:       <p>
13:         <label for="game_Title">Title:</label>
14:         <%= f.text_field :Title %>

    /usr/local/lib/ruby/gems/1.8/gems/activerecord-1.15.3/lib/active_record/vendor/mysql.rb:523:in `read'
    /usr/local/lib/ruby/gems/1.8/gems/activerecord-1.15.3/lib/active_record/vendor/mysql.rb:153:in `real_connect'
    /usr/local/lib/ruby/gems/1.8/gems/activerecord-1.15.3/lib/active_record/connection_adapters/mysql_adapter.rb:389:in `connect'
    /usr/local/lib/ruby/gems/1.8/gems/activerecord-1.15.3/lib/active_record/connection_adapters/mysql_adapter.rb:152:in `initialize'
    /usr/local/lib/ruby/gems/1.8/gems/activerecord-1.15.3/lib/active_record/connection_adapters/mysql_adapter.rb:82:in `mysql_connection'
    /usr/local/lib/ruby/gems/1.8/gems/activerecord-1.15.3/lib/active_record/connection_adapters/abstract/connection_specification.rb:262:in `connection_without_query_cache='
    /usr/local/lib/ruby/gems/1.8/gems/activerecord-1.15.3/lib/active_record/query_cache.rb:54:in `connection='
    /usr/local/lib/ruby/gems/1.8/gems/activerecord-1.15.3/lib/active_record/connection_adapters/abstract/connection_specification.rb:230:in `retrieve_connection'
    /usr/local/lib/ruby/gems/1.8/gems/activerecord-1.15.3/lib/active_record/connection_adapters/abstract/connection_specification.rb:78:in `connection'
    /usr/local/lib/ruby/gems/1.8/gems/activerecord-1.15.3/lib/active_record/base.rb:763:in `columns'
    /usr/local/lib/ruby/gems/1.8/gems/activerecord-1.15.3/lib/active_record/base.rb:2061:in `attributes_from_column_definition_without_lock'
    /usr/local/lib/ruby/gems/1.8/gems/activerecord-1.15.3/lib/active_record/locking/optimistic.rb:45:in `attributes_from_column_definition'
    /usr/local/lib/ruby/gems/1.8/gems/activerecord-1.15.3/lib/active_record/base.rb:1503:in `initialize_without_callbacks'
    /usr/local/lib/ruby/gems/1.8/gems/activerecord-1.15.3/lib/active_record/callbacks.rb:225:in `initialize'
    #{RAILS_ROOT}/app/views/games/index.rhtml:11:in `_run_rhtml_47app47views47games47index46rhtml'
    /usr/local/lib/ruby/gems/1.8/gems/actionpack-1.13.3/lib/action_view/base.rb:326:in `compile_and_render_template'
    /usr/local/lib/ruby/gems/1.8/gems/actionpack-1.13.3/lib/action_view/base.rb:301:in `render_template'
    /usr/local/lib/ruby/gems/1.8/gems/actionpack-1.13.3/lib/action_view/base.rb:260:in `render_file'
    /usr/local/lib/ruby/gems/1.8/gems/actionpack-1.13.3/lib/action_controller/base.rb:806:in `render_file'
    /usr/local/lib/ruby/gems/1.8/gems/actionpack-1.13.3/lib/action_controller/base.rb:738:in `render_with_no_layout'
    /usr/local/lib/ruby/gems/1.8/gems/actionpack-1.13.3/lib/action_controller/base.rb:863:in `render_without_layout'
    /usr/local/lib/ruby/gems/1.8/gems/actionpack-1.13.3/lib/action_controller/base.rb:798:in `render_action'
    /usr/local/lib/ruby/gems/1.8/gems/actionpack-1.13.3/lib/action_controller/base.rb:748:in `render_with_no_layout'
    /usr/local/lib/ruby/gems/1.8/gems/activesupport-1.4.2/lib/active_support/deprecation.rb:44:in `silence'
    /usr/local/lib/ruby/gems/1.8/gems/actionpack-1.13.3/lib/action_controller/base.rb:747:in `render_with_no_layout'
    /usr/local/lib/ruby/gems/1.8/gems/actionpack-1.13.3/lib/action_controller/layout.rb:244:in `render_without_benchmark'
    /usr/local/lib/ruby/gems/1.8/gems/actionpack-1.13.3/lib/action_controller/benchmarking.rb:50:in `render'
    /usr/local/lib/ruby/1.8/benchmark.rb:293:in `measure'
    /usr/local/lib/ruby/gems/1.8/gems/actionpack-1.13.3/lib/action_controller/benchmarking.rb:50:in `render'
    #{RAILS_ROOT}/app/controllers/games_controller.rb:17:in `index'
    /usr/local/lib/ruby/gems/1.8/gems/actionpack-1.13.3/lib/action_controller/mime_responds.rb:167:in `respond'
    /usr/local/lib/ruby/gems/1.8/gems/actionpack-1.13.3/lib/action_controller/mime_responds.rb:161:in `respond'
    /usr/local/lib/ruby/gems/1.8/gems/actionpack-1.13.3/lib/action_controller/mime_responds.rb:105:in `respond_to'
    #{RAILS_ROOT}/app/controllers/games_controller.rb:17:in `index'
    /usr/local/lib/ruby/gems/1.8/gems/actionpack-1.13.3/lib/action_controller/base.rb:1095:in `perform_action_without_filters'
    /usr/local/lib/ruby/gems/1.8/gems/actionpack-1.13.3/lib/action_controller/filters.rb:632:in `call_filter'
    /usr/local/lib/ruby/gems/1.8/gems/actionpack-1.13.3/lib/action_controller/filters.rb:638:in `call_filter'
    /usr/local/lib/ruby/gems/1.8/gems/actionpack-1.13.3/lib/action_controller/filters.rb:438:in `call'
    /usr/local/lib/ruby/gems/1.8/gems/actionpack-1.13.3/lib/action_controller/filters.rb:637:in `call_filter'
    /usr/local/lib/ruby/gems/1.8/gems/actionpack-1.13.3/lib/action_controller/filters.rb:619:in `perform_action_without_benchmark'
    /usr/local/lib/ruby/gems/1.8/gems/actionpack-1.13.3/lib/action_controller/benchmarking.rb:66:in `perform_action_without_rescue'
    /usr/local/lib/ruby/1.8/benchmark.rb:293:in `measure'
    /usr/local/lib/ruby/gems/1.8/gems/actionpack-1.13.3/lib/action_controller/benchmarking.rb:66:in `perform_action_without_rescue'
    /usr/local/lib/ruby/gems/1.8/gems/actionpack-1.13.3/lib/action_controller/rescue.rb:83:in `perform_action'
    /usr/local/lib/ruby/gems/1.8/gems/actionpack-1.13.3/lib/action_controller/base.rb:430:in `process_without_filters'
    /usr/local/lib/ruby/gems/1.8/gems/actionpack-1.13.3/lib/action_controller/filters.rb:624:in `process_without_session_management_support'
    /usr/local/lib/ruby/gems/1.8/gems/actionpack-1.13.3/lib/action_controller/session_management.rb:114:in `process'
    /usr/local/lib/ruby/gems/1.8/gems/actionpack-1.13.3/lib/action_controller/base.rb:330:in `process'
    /usr/local/lib/ruby/gems/1.8/gems/rails-1.2.3/lib/dispatcher.rb:41:in `dispatch'
    /usr/local/lib/ruby/gems/1.8/gems/mongrel-1.0.1/lib/mongrel/rails.rb:78:in `process'
    /usr/local/lib/ruby/gems/1.8/gems/mongrel-1.0.1/lib/mongrel/rails.rb:76:in `process'
    /usr/local/lib/ruby/gems/1.8/gems/mongrel-1.0.1/lib/mongrel.rb:618:in `process_client'
    /usr/local/lib/ruby/gems/1.8/gems/mongrel-1.0.1/lib/mongrel.rb:617:in `process_client'
    /usr/local/lib/ruby/gems/1.8/gems/mongrel-1.0.1/lib/mongrel.rb:736:in `run'
    /usr/local/lib/ruby/gems/1.8/gems/mongrel-1.0.1/lib/mongrel.rb:736:in `run'
    /usr/local/lib/ruby/gems/1.8/gems/mongrel-1.0.1/lib/mongrel.rb:720:in `run'
    /usr/local/lib/ruby/gems/1.8/gems/mongrel-1.0.1/lib/mongrel/configurator.rb:271:in `run'
    /usr/local/lib/ruby/gems/1.8/gems/mongrel-1.0.1/lib/mongrel/configurator.rb:270:in `run'
    /usr/local/lib/ruby/gems/1.8/gems/mongrel-1.0.1/bin/mongrel_rails:127:in `run'
    /usr/local/lib/ruby/gems/1.8/gems/mongrel-1.0.1/lib/mongrel/command.rb:211:in `run'
    /usr/local/lib/ruby/gems/1.8/gems/mongrel-1.0.1/bin/mongrel_rails:243
    /usr/local/bin/mongrel_rails:16


Rendering /usr/local/lib/ruby/gems/1.8/gems/actionpack-1.13.3/lib/action_controller/templates/rescues/layout.rhtml (500 Internal Error)


Processing GamesController#index (for 127.0.0.1 at 2007-11-07 22:50:01) [GET]
  Session ID: eaed400bbeb69ac980471d5b01b77e0c
  Parameters: {"action"=>"index", "controller"=>"games"}
Rendering content_typetext/htmlactionindexlayoutfalse within layouts/application
Rendering games/index


ActionView::TemplateError (#42000Unknown database 'gamingtrend') on line #11 of app/views/games/index.rhtml:
8: <div id="newDialog" style="visibility:hidden; position:absolute; top:0px;">
9:   <div class="x-dlg-hd">Create New Game</div>
10:   <div class="x-dlg-bd">
11:     <% form_for(:game, Game.new, :url => games_path, :html => {:id => 'create_resource', :name => 'create_resource'}) do |f| %>
12:       <p>
13:         <label for="game_Title">Title:</label>
14:         <%= f.text_field :Title %>

    /usr/local/lib/ruby/gems/1.8/gems/activerecord-1.15.3/lib/active_record/vendor/mysql.rb:523:in `read'
    /usr/local/lib/ruby/gems/1.8/gems/activerecord-1.15.3/lib/active_record/vendor/mysql.rb:153:in `real_connect'
    /usr/local/lib/ruby/gems/1.8/gems/activerecord-1.15.3/lib/active_record/connection_adapters/mysql_adapter.rb:389:in `connect'
    /usr/local/lib/ruby/gems/1.8/gems/activerecord-1.15.3/lib/active_record/connection_adapters/mysql_adapter.rb:152:in `initialize'
    /usr/local/lib/ruby/gems/1.8/gems/activerecord-1.15.3/lib/active_record/connection_adapters/mysql_adapter.rb:82:in `mysql_connection'
    /usr/local/lib/ruby/gems/1.8/gems/activerecord-1.15.3/lib/active_record/connection_adapters/abstract/connection_specification.rb:262:in `connection_without_query_cache='
    /usr/local/lib/ruby/gems/1.8/gems/activerecord-1.15.3/lib/active_record/query_cache.rb:54:in `connection='
    /usr/local/lib/ruby/gems/1.8/gems/activerecord-1.15.3/lib/active_record/connection_adapters/abstract/connection_specification.rb:230:in `retrieve_connection'
    /usr/local/lib/ruby/gems/1.8/gems/activerecord-1.15.3/lib/active_record/connection_adapters/abstract/connection_specification.rb:78:in `connection'
    /usr/local/lib/ruby/gems/1.8/gems/activerecord-1.15.3/lib/active_record/base.rb:763:in `columns'
    /usr/local/lib/ruby/gems/1.8/gems/activerecord-1.15.3/lib/active_record/base.rb:2061:in `attributes_from_column_definition_without_lock'
    /usr/local/lib/ruby/gems/1.8/gems/activerecord-1.15.3/lib/active_record/locking/optimistic.rb:45:in `attributes_from_column_definition'
    /usr/local/lib/ruby/gems/1.8/gems/activerecord-1.15.3/lib/active_record/base.rb:1503:in `initialize_without_callbacks'
    /usr/local/lib/ruby/gems/1.8/gems/activerecord-1.15.3/lib/active_record/callbacks.rb:225:in `initialize'
    #{RAILS_ROOT}/app/views/games/index.rhtml:11:in `_run_rhtml_47app47views47games47index46rhtml'
    /usr/local/lib/ruby/gems/1.8/gems/actionpack-1.13.3/lib/action_view/base.rb:326:in `compile_and_render_template'
    /usr/local/lib/ruby/gems/1.8/gems/actionpack-1.13.3/lib/action_view/base.rb:301:in `render_template'
    /usr/local/lib/ruby/gems/1.8/gems/actionpack-1.13.3/lib/action_view/base.rb:260:in `render_file'
    /usr/local/lib/ruby/gems/1.8/gems/actionpack-1.13.3/lib/action_controller/base.rb:806:in `render_file'
    /usr/local/lib/ruby/gems/1.8/gems/actionpack-1.13.3/lib/action_controller/base.rb:738:in `render_with_no_layout'
    /usr/local/lib/ruby/gems/1.8/gems/actionpack-1.13.3/lib/action_controller/base.rb:863:in `render_without_layout'
    /usr/local/lib/ruby/gems/1.8/gems/actionpack-1.13.3/lib/action_controller/base.rb:798:in `render_action'
    /usr/local/lib/ruby/gems/1.8/gems/actionpack-1.13.3/lib/action_controller/base.rb:748:in `render_with_no_layout'
    /usr/local/lib/ruby/gems/1.8/gems/activesupport-1.4.2/lib/active_support/deprecation.rb:44:in `silence'
    /usr/local/lib/ruby/gems/1.8/gems/actionpack-1.13.3/lib/action_controller/base.rb:747:in `render_with_no_layout'
    /usr/local/lib/ruby/gems/1.8/gems/actionpack-1.13.3/lib/action_controller/layout.rb:244:in `render_without_benchmark'
    /usr/local/lib/ruby/gems/1.8/gems/actionpack-1.13.3/lib/action_controller/benchmarking.rb:50:in `render'
    /usr/local/lib/ruby/1.8/benchmark.rb:293:in `measure'
    /usr/local/lib/ruby/gems/1.8/gems/actionpack-1.13.3/lib/action_controller/benchmarking.rb:50:in `render'
    #{RAILS_ROOT}/app/controllers/games_controller.rb:17:in `index'
    /usr/local/lib/ruby/gems/1.8/gems/actionpack-1.13.3/lib/action_controller/mime_responds.rb:167:in `respond'
    /usr/local/lib/ruby/gems/1.8/gems/actionpack-1.13.3/lib/action_controller/mime_responds.rb:161:in `respond'
    /usr/local/lib/ruby/gems/1.8/gems/actionpack-1.13.3/lib/action_controller/mime_responds.rb:105:in `respond_to'
    #{RAILS_ROOT}/app/controllers/games_controller.rb:17:in `index'
    /usr/local/lib/ruby/gems/1.8/gems/actionpack-1.13.3/lib/action_controller/base.rb:1095:in `perform_action_without_filters'
    /usr/local/lib/ruby/gems/1.8/gems/actionpack-1.13.3/lib/action_controller/filters.rb:632:in `call_filter'
    /usr/local/lib/ruby/gems/1.8/gems/actionpack-1.13.3/lib/action_controller/filters.rb:638:in `call_filter'
    /usr/local/lib/ruby/gems/1.8/gems/actionpack-1.13.3/lib/action_controller/filters.rb:438:in `call'
    /usr/local/lib/ruby/gems/1.8/gems/actionpack-1.13.3/lib/action_controller/filters.rb:637:in `call_filter'
    /usr/local/lib/ruby/gems/1.8/gems/actionpack-1.13.3/lib/action_controller/filters.rb:619:in `perform_action_without_benchmark'
    /usr/local/lib/ruby/gems/1.8/gems/actionpack-1.13.3/lib/action_controller/benchmarking.rb:66:in `perform_action_without_rescue'
    /usr/local/lib/ruby/1.8/benchmark.rb:293:in `measure'
    /usr/local/lib/ruby/gems/1.8/gems/actionpack-1.13.3/lib/action_controller/benchmarking.rb:66:in `perform_action_without_rescue'
    /usr/local/lib/ruby/gems/1.8/gems/actionpack-1.13.3/lib/action_controller/rescue.rb:83:in `perform_action'
    /usr/local/lib/ruby/gems/1.8/gems/actionpack-1.13.3/lib/action_controller/base.rb:430:in `process_without_filters'
    /usr/local/lib/ruby/gems/1.8/gems/actionpack-1.13.3/lib/action_controller/filters.rb:624:in `process_without_session_management_support'
    /usr/local/lib/ruby/gems/1.8/gems/actionpack-1.13.3/lib/action_controller/session_management.rb:114:in `process'
    /usr/local/lib/ruby/gems/1.8/gems/actionpack-1.13.3/lib/action_controller/base.rb:330:in `process'
    /usr/local/lib/ruby/gems/1.8/gems/rails-1.2.3/lib/dispatcher.rb:41:in `dispatch'
    /usr/local/lib/ruby/gems/1.8/gems/mongrel-1.0.1/lib/mongrel/rails.rb:78:in `process'
    /usr/local/lib/ruby/gems/1.8/gems/mongrel-1.0.1/lib/mongrel/rails.rb:76:in `process'
    /usr/local/lib/ruby/gems/1.8/gems/mongrel-1.0.1/lib/mongrel.rb:618:in `process_client'
    /usr/local/lib/ruby/gems/1.8/gems/mongrel-1.0.1/lib/mongrel.rb:617:in `process_client'
    /usr/local/lib/ruby/gems/1.8/gems/mongrel-1.0.1/lib/mongrel.rb:736:in `run'
    /usr/local/lib/ruby/gems/1.8/gems/mongrel-1.0.1/lib/mongrel.rb:736:in `run'
    /usr/local/lib/ruby/gems/1.8/gems/mongrel-1.0.1/lib/mongrel.rb:720:in `run'
    /usr/local/lib/ruby/gems/1.8/gems/mongrel-1.0.1/lib/mongrel/configurator.rb:271:in `run'
    /usr/local/lib/ruby/gems/1.8/gems/mongrel-1.0.1/lib/mongrel/configurator.rb:270:in `run'
    /usr/local/lib/ruby/gems/1.8/gems/mongrel-1.0.1/bin/mongrel_rails:127:in `run'
    /usr/local/lib/ruby/gems/1.8/gems/mongrel-1.0.1/lib/mongrel/command.rb:211:in `run'
    /usr/local/lib/ruby/gems/1.8/gems/mongrel-1.0.1/bin/mongrel_rails:243
    /usr/local/bin/mongrel_rails:16


Rendering /usr/local/lib/ruby/gems/1.8/gems/actionpack-1.13.3/lib/action_controller/templates/rescues/layout.rhtml (500 Internal Error)
